<?xml version="1.0" encoding="UTF-8"?>
<!-- Generated by org.testng.reporters.JUnitXMLReporter -->
<testsuite ignored="0" hostname="SM-PC0054" failures="0" tests="3" name="Default test" time="87.993" errors="0" timestamp="2020-05-20T00:30:53 IST">
  <testcase classname="UserLogin.UserLogin" name="Login" time="20.171"/>
  <testcase classname="UserLogin.UserLogin" name="purchase" time="62.746"/>
  <testcase classname="UserLogin.UserLogin" name="OrderHistory" time="5.033"/>
</testsuite> <!-- Default test -->
